<?xml version="1.0" encoding="UTF-8"?>
<testng-results ignored="0" total="7" passed="7" failed="0" skipped="0">
  <reporter-output>
  </reporter-output>
  <suite started-at="2021-10-14T09:20:48Z" name="POMFramwork" finished-at="2021-10-14T09:21:25Z" duration-ms="36409">
    <groups>
    </groups>
    <test started-at="2021-10-14T09:20:48Z" name="wikipage1" finished-at="2021-10-14T09:20:58Z" duration-ms="9639">
      <class name="com.qa.wiki.tests.HomePageTest">
        <test-method is-config="true" signature="startbrowser()[pri:0, instance:com.qa.wiki.tests.HomePageTest@1df8da7a]" started-at="2021-10-14T09:20:48Z" name="startbrowser" finished-at="2021-10-14T09:20:51Z" duration-ms="2747" status="PASS">
          <reporter-output>
          </reporter-output>
        </test-method> <!-- startbrowser -->
        <test-method signature="titleTest()[pri:49, instance:com.qa.wiki.tests.HomePageTest@1df8da7a]" started-at="2021-10-14T09:20:51Z" name="titleTest" finished-at="2021-10-14T09:20:51Z" duration-ms="37" status="PASS">
          <reporter-output>
          </reporter-output>
        </test-method> <!-- titleTest -->
        <test-method signature="inputTest()[pri:50, instance:com.qa.wiki.tests.HomePageTest@1df8da7a]" started-at="2021-10-14T09:20:51Z" name="inputTest" finished-at="2021-10-14T09:20:58Z" duration-ms="6828" status="PASS">
          <reporter-output>
          </reporter-output>
        </test-method> <!-- inputTest -->
      </class> <!-- com.qa.wiki.tests.HomePageTest -->
    </test> <!-- wikipage1 -->
    <test started-at="2021-10-14T09:20:58Z" name="wiki2" finished-at="2021-10-14T09:21:05Z" duration-ms="6523">
      <class name="com.qa.wiki.tests.SearchPageTest">
        <test-method is-config="true" signature="startbrowser()[pri:0, instance:com.qa.wiki.tests.SearchPageTest@36804139]" started-at="2021-10-14T09:20:58Z" name="startbrowser" finished-at="2021-10-14T09:21:03Z" duration-ms="4935" status="PASS">
          <reporter-output>
          </reporter-output>
        </test-method> <!-- startbrowser -->
        <test-method signature="clciklinkTest()[pri:0, instance:com.qa.wiki.tests.SearchPageTest@36804139]" started-at="2021-10-14T09:21:03Z" name="clciklinkTest" finished-at="2021-10-14T09:21:04Z" duration-ms="1480" status="PASS">
          <reporter-output>
          </reporter-output>
        </test-method> <!-- clciklinkTest -->
        <test-method signature="titleTest()[pri:0, instance:com.qa.wiki.tests.SearchPageTest@36804139]" started-at="2021-10-14T09:21:04Z" name="titleTest" finished-at="2021-10-14T09:21:04Z" duration-ms="5" status="PASS">
          <reporter-output>
          </reporter-output>
        </test-method> <!-- titleTest -->
        <test-method is-config="true" signature="closeBrowser()[pri:0, instance:com.qa.wiki.tests.SearchPageTest@36804139]" started-at="2021-10-14T09:21:04Z" name="closeBrowser" finished-at="2021-10-14T09:21:05Z" duration-ms="101" status="PASS">
          <reporter-output>
          </reporter-output>
        </test-method> <!-- closeBrowser -->
      </class> <!-- com.qa.wiki.tests.SearchPageTest -->
    </test> <!-- wiki2 -->
    <test started-at="2021-10-14T09:21:05Z" name="wiki3" finished-at="2021-10-14T09:21:13Z" duration-ms="8017">
      <class name="com.qa.wiki.tests.CreateAccountPageTest">
        <test-method is-config="true" signature="openBrowser()[pri:0, instance:com.qa.wiki.tests.CreateAccountPageTest@3e78b6a5]" started-at="2021-10-14T09:21:05Z" name="openBrowser" finished-at="2021-10-14T09:21:11Z" duration-ms="6383" status="PASS">
          <reporter-output>
          </reporter-output>
        </test-method> <!-- openBrowser -->
        <test-method signature="CreateAccountTest()[pri:0, instance:com.qa.wiki.tests.CreateAccountPageTest@3e78b6a5]" started-at="2021-10-14T09:21:11Z" name="CreateAccountTest" finished-at="2021-10-14T09:21:11Z" duration-ms="446" status="PASS">
          <reporter-output>
          </reporter-output>
        </test-method> <!-- CreateAccountTest -->
        <test-method signature="loginclickTest()[pri:0, instance:com.qa.wiki.tests.CreateAccountPageTest@3e78b6a5]" started-at="2021-10-14T09:21:11Z" name="loginclickTest" finished-at="2021-10-14T09:21:12Z" duration-ms="1019" status="PASS">
          <reporter-output>
          </reporter-output>
        </test-method> <!-- loginclickTest -->
        <test-method is-config="true" signature="CloseBrowser()[pri:0, instance:com.qa.wiki.tests.CreateAccountPageTest@3e78b6a5]" started-at="2021-10-14T09:21:12Z" name="CloseBrowser" finished-at="2021-10-14T09:21:13Z" duration-ms="167" status="PASS">
          <reporter-output>
          </reporter-output>
        </test-method> <!-- CloseBrowser -->
      </class> <!-- com.qa.wiki.tests.CreateAccountPageTest -->
    </test> <!-- wiki3 -->
    <test started-at="2021-10-14T09:21:13Z" name="wiki4" finished-at="2021-10-14T09:21:25Z" duration-ms="12167">
      <class name="com.qa.wiki.tests.LoginPageTest">
        <test-method is-config="true" signature="openBrowser()[pri:0, instance:com.qa.wiki.tests.LoginPageTest@18f8cd79]" started-at="2021-10-14T09:21:13Z" name="openBrowser" finished-at="2021-10-14T09:21:20Z" duration-ms="7706" status="PASS">
          <reporter-output>
          </reporter-output>
        </test-method> <!-- openBrowser -->
        <test-method signature="loginTest()[pri:0, instance:com.qa.wiki.tests.LoginPageTest@18f8cd79]" started-at="2021-10-14T09:21:20Z" name="loginTest" finished-at="2021-10-14T09:21:25Z" duration-ms="4458" status="PASS">
          <reporter-output>
          </reporter-output>
        </test-method> <!-- loginTest -->
      </class> <!-- com.qa.wiki.tests.LoginPageTest -->
    </test> <!-- wiki4 -->
  </suite> <!-- POMFramwork -->
</testng-results>
