<?xml version="1.0" encoding="UTF-8"?>
<testng-results ignored="0" total="2" passed="2" failed="0" skipped="0">
  <reporter-output>
  </reporter-output>
  <suite started-at="2021-10-14T13:27:00 IST" name="Default suite" finished-at="2021-10-14T13:27:07 IST" duration-ms="7079">
    <groups>
    </groups>
    <test started-at="2021-10-14T13:27:00 IST" name="Default test" finished-at="2021-10-14T13:27:07 IST" duration-ms="7079">
      <class name="com.qa.wiki.tests.SearchPageTest">
        <test-method is-config="true" signature="startbrowser()[pri:0, instance:com.qa.wiki.tests.SearchPageTest@10d307f1]" started-at="2021-10-14T13:27:00 IST" name="startbrowser" finished-at="2021-10-14T13:27:05 IST" duration-ms="5569" status="PASS">
          <reporter-output>
          </reporter-output>
        </test-method> <!-- startbrowser -->
        <test-method signature="clciklinkTest()[pri:0, instance:com.qa.wiki.tests.SearchPageTest@10d307f1]" started-at="2021-10-14T13:27:05 IST" name="clciklinkTest" finished-at="2021-10-14T13:27:07 IST" duration-ms="1305" status="PASS">
          <reporter-output>
          </reporter-output>
        </test-method> <!-- clciklinkTest -->
        <test-method signature="titleTest()[pri:0, instance:com.qa.wiki.tests.SearchPageTest@10d307f1]" started-at="2021-10-14T13:27:07 IST" name="titleTest" finished-at="2021-10-14T13:27:07 IST" duration-ms="5" status="PASS">
          <reporter-output>
          </reporter-output>
        </test-method> <!-- titleTest -->
        <test-method is-config="true" signature="closeBrowser()[pri:0, instance:com.qa.wiki.tests.SearchPageTest@10d307f1]" started-at="2021-10-14T13:27:07 IST" name="closeBrowser" finished-at="2021-10-14T13:27:07 IST" duration-ms="165" status="PASS">
          <reporter-output>
          </reporter-output>
        </test-method> <!-- closeBrowser -->
      </class> <!-- com.qa.wiki.tests.SearchPageTest -->
    </test> <!-- Default test -->
  </suite> <!-- Default suite -->
</testng-results>
